c:\users\casey\documents\github\comp3016\opengl\opengl\debug\vc142.pdb
c:\users\casey\documents\github\comp3016\opengl\opengl\debug\vc142.idb
c:\users\casey\documents\github\comp3016\opengl\opengl\debug\vertexbuffer.obj
c:\users\casey\documents\github\comp3016\opengl\opengl\debug\vertexarray.obj
c:\users\casey\documents\github\comp3016\opengl\opengl\debug\shader.obj
c:\users\casey\documents\github\comp3016\opengl\opengl\debug\renderer.obj
c:\users\casey\documents\github\comp3016\opengl\opengl\debug\indexbuffer.obj
c:\users\casey\documents\github\comp3016\opengl\opengl\debug\application.obj
c:\users\casey\documents\github\comp3016\opengl\opengl\debug\stb_image.obj
c:\users\casey\documents\github\comp3016\opengl\opengl\debug\texture.obj
c:\users\casey\documents\github\comp3016\opengl\opengl\debug\opengl.exe
c:\users\casey\documents\github\comp3016\opengl\opengl\debug\opengl.ilk
c:\users\casey\documents\github\comp3016\opengl\opengl\debug\opengl.pdb
c:\users\casey\documents\github\comp3016\opengl\opengl\debug\application.obj.enc
c:\users\casey\documents\github\comp3016\opengl\opengl\debug\vertexarray.obj.enc
c:\users\casey\documents\github\comp3016\opengl\opengl\debug\opengl.tlog\cl.command.1.tlog
c:\users\casey\documents\github\comp3016\opengl\opengl\debug\opengl.tlog\cl.read.1.tlog
c:\users\casey\documents\github\comp3016\opengl\opengl\debug\opengl.tlog\cl.write.1.tlog
c:\users\casey\documents\github\comp3016\opengl\opengl\debug\opengl.tlog\link.command.1.tlog
c:\users\casey\documents\github\comp3016\opengl\opengl\debug\opengl.tlog\link.read.1.tlog
c:\users\casey\documents\github\comp3016\opengl\opengl\debug\opengl.tlog\link.write.1.tlog
